c:\users\yulia\desktop\учеба\методы программирования\oop1\oop1\debug\oop1.pch
c:\users\yulia\desktop\учеба\методы программирования\oop1\oop1\debug\vc140.pdb
c:\users\yulia\desktop\учеба\методы программирования\oop1\oop1\debug\vc140.idb
c:\users\yulia\desktop\учеба\методы программирования\oop1\oop1\debug\stdafx.obj
c:\users\yulia\desktop\учеба\методы программирования\oop1\oop1\debug\oop1.obj
c:\users\yulia\desktop\учеба\методы программирования\oop1\oop1\debug\program.obj
c:\users\yulia\desktop\учеба\методы программирования\oop1\debug\oop1.ilk
c:\users\yulia\desktop\учеба\методы программирования\oop1\debug\oop1.exe
c:\users\yulia\desktop\учеба\методы программирования\oop1\debug\oop1.pdb
c:\users\yulia\desktop\учеба\мп\oop1\oop1\debug\oop1.obj
c:\users\yulia\desktop\учеба\мп\oop1\oop1\debug\program.obj
c:\users\yulia\desktop\учеба\мп\oop1\oop1\debug\stdafx.obj
c:\users\yulia\desktop\учеба\мп\oop1\oop1\debug\oop1.pch
c:\users\yulia\desktop\учеба\мп\oop1\oop1\debug\vc140.idb
c:\users\yulia\desktop\учеба\мп\oop1\oop1\debug\vc140.pdb
c:\users\yulia\desktop\учеба\мп\oop1\debug\oop1.pdb
c:\users\yulia\desktop\учеба\мп\oop1\debug\oop1.exe
c:\users\yulia\desktop\учеба\мп\oop1\debug\oop1.ilk
c:\users\yulia\desktop\учеба\мп\oop1\oop1\debug\oop1.tlog\cl.command.1.tlog
c:\users\yulia\desktop\учеба\мп\oop1\oop1\debug\oop1.tlog\cl.read.1.tlog
c:\users\yulia\desktop\учеба\мп\oop1\oop1\debug\oop1.tlog\cl.write.1.tlog
c:\users\yulia\desktop\учеба\мп\oop1\oop1\debug\oop1.tlog\link.command.1.tlog
c:\users\yulia\desktop\учеба\мп\oop1\oop1\debug\oop1.tlog\link.read.1.tlog
c:\users\yulia\desktop\учеба\мп\oop1\oop1\debug\oop1.tlog\link.write.1.tlog
